STAR version=2.7.3a
STAR compilation time,server,dir=Tue Oct 8 14:26:19 EDT 2019 vega:/home/dobin/data/STAR/STARcode/STAR.master/source
##### Command Line:
STAR --runThreadN 1 --runMode genomeGenerate --genomeDir data/test_reference/star_index/ --genomeFastaFiles data/test_reference/chr22_with_ERCC92.fa --sjdbGTFfile data/test_reference/chr22_with_ERCC92.gtf --sjdbOverhang 99--genomeSAindexNbases 12
##### Initial USER parameters from Command Line:
###### All USER parameters from Command Line:
runThreadN                    1     ~RE-DEFINED
runMode                       genomeGenerate     ~RE-DEFINED
genomeDir                     data/test_reference/star_index/     ~RE-DEFINED
genomeFastaFiles              data/test_reference/chr22_with_ERCC92.fa        ~RE-DEFINED
sjdbGTFfile                   data/test_reference/chr22_with_ERCC92.gtf     ~RE-DEFINED
sjdbOverhang                  99     ~RE-DEFINED
##### Finished reading parameters from all sources

##### Final user re-defined parameters-----------------:
runMode                           genomeGenerate
runThreadN                        1
genomeDir                         data/test_reference/star_index/
genomeFastaFiles                  data/test_reference/chr22_with_ERCC92.fa   
sjdbGTFfile                       data/test_reference/chr22_with_ERCC92.gtf
sjdbOverhang                      99

-------------------------------
##### Final effective command line:
STAR   --runMode genomeGenerate   --runThreadN 1   --genomeDir data/test_reference/star_index/   --genomeFastaFiles data/test_reference/chr22_with_ERCC92.fa      --sjdbGTFfile data/test_reference/chr22_with_ERCC92.gtf   --sjdbOverhang 99
----------------------------------------

Finished loading and checking parameters
May 10 21:11:46 ... starting to generate Genome files
data/test_reference/chr22_with_ERCC92.fa : chr # 0  "22" chrStart: 0
data/test_reference/chr22_with_ERCC92.fa : chr # 1  "ERCC-00002" chrStart: 50855936
data/test_reference/chr22_with_ERCC92.fa : chr # 2  "ERCC-00003" chrStart: 51118080
data/test_reference/chr22_with_ERCC92.fa : chr # 3  "ERCC-00004" chrStart: 51380224
data/test_reference/chr22_with_ERCC92.fa : chr # 4  "ERCC-00009" chrStart: 51642368
data/test_reference/chr22_with_ERCC92.fa : chr # 5  "ERCC-00012" chrStart: 51904512
data/test_reference/chr22_with_ERCC92.fa : chr # 6  "ERCC-00013" chrStart: 52166656
data/test_reference/chr22_with_ERCC92.fa : chr # 7  "ERCC-00014" chrStart: 52428800
data/test_reference/chr22_with_ERCC92.fa : chr # 8  "ERCC-00016" chrStart: 52690944
data/test_reference/chr22_with_ERCC92.fa : chr # 9  "ERCC-00017" chrStart: 52953088
data/test_reference/chr22_with_ERCC92.fa : chr # 10  "ERCC-00019" chrStart: 53215232
data/test_reference/chr22_with_ERCC92.fa : chr # 11  "ERCC-00022" chrStart: 53477376
data/test_reference/chr22_with_ERCC92.fa : chr # 12  "ERCC-00024" chrStart: 53739520
data/test_reference/chr22_with_ERCC92.fa : chr # 13  "ERCC-00025" chrStart: 54001664
data/test_reference/chr22_with_ERCC92.fa : chr # 14  "ERCC-00028" chrStart: 54263808
data/test_reference/chr22_with_ERCC92.fa : chr # 15  "ERCC-00031" chrStart: 54525952
data/test_reference/chr22_with_ERCC92.fa : chr # 16  "ERCC-00033" chrStart: 54788096
data/test_reference/chr22_with_ERCC92.fa : chr # 17  "ERCC-00034" chrStart: 55050240
data/test_reference/chr22_with_ERCC92.fa : chr # 18  "ERCC-00035" chrStart: 55312384
data/test_reference/chr22_with_ERCC92.fa : chr # 19  "ERCC-00039" chrStart: 55574528
data/test_reference/chr22_with_ERCC92.fa : chr # 20  "ERCC-00040" chrStart: 55836672
data/test_reference/chr22_with_ERCC92.fa : chr # 21  "ERCC-00041" chrStart: 56098816
data/test_reference/chr22_with_ERCC92.fa : chr # 22  "ERCC-00042" chrStart: 56360960
data/test_reference/chr22_with_ERCC92.fa : chr # 23  "ERCC-00043" chrStart: 56623104
data/test_reference/chr22_with_ERCC92.fa : chr # 24  "ERCC-00044" chrStart: 56885248
data/test_reference/chr22_with_ERCC92.fa : chr # 25  "ERCC-00046" chrStart: 57147392
data/test_reference/chr22_with_ERCC92.fa : chr # 26  "ERCC-00048" chrStart: 57409536
data/test_reference/chr22_with_ERCC92.fa : chr # 27  "ERCC-00051" chrStart: 57671680
data/test_reference/chr22_with_ERCC92.fa : chr # 28  "ERCC-00053" chrStart: 57933824
data/test_reference/chr22_with_ERCC92.fa : chr # 29  "ERCC-00054" chrStart: 58195968
data/test_reference/chr22_with_ERCC92.fa : chr # 30  "ERCC-00057" chrStart: 58458112
data/test_reference/chr22_with_ERCC92.fa : chr # 31  "ERCC-00058" chrStart: 58720256
data/test_reference/chr22_with_ERCC92.fa : chr # 32  "ERCC-00059" chrStart: 58982400
data/test_reference/chr22_with_ERCC92.fa : chr # 33  "ERCC-00060" chrStart: 59244544
data/test_reference/chr22_with_ERCC92.fa : chr # 34  "ERCC-00061" chrStart: 59506688
data/test_reference/chr22_with_ERCC92.fa : chr # 35  "ERCC-00062" chrStart: 59768832
data/test_reference/chr22_with_ERCC92.fa : chr # 36  "ERCC-00067" chrStart: 60030976
data/test_reference/chr22_with_ERCC92.fa : chr # 37  "ERCC-00069" chrStart: 60293120
data/test_reference/chr22_with_ERCC92.fa : chr # 38  "ERCC-00071" chrStart: 60555264
data/test_reference/chr22_with_ERCC92.fa : chr # 39  "ERCC-00073" chrStart: 60817408
data/test_reference/chr22_with_ERCC92.fa : chr # 40  "ERCC-00074" chrStart: 61079552
data/test_reference/chr22_with_ERCC92.fa : chr # 41  "ERCC-00075" chrStart: 61341696
data/test_reference/chr22_with_ERCC92.fa : chr # 42  "ERCC-00076" chrStart: 61603840
data/test_reference/chr22_with_ERCC92.fa : chr # 43  "ERCC-00077" chrStart: 61865984
data/test_reference/chr22_with_ERCC92.fa : chr # 44  "ERCC-00078" chrStart: 62128128
data/test_reference/chr22_with_ERCC92.fa : chr # 45  "ERCC-00079" chrStart: 62390272
data/test_reference/chr22_with_ERCC92.fa : chr # 46  "ERCC-00081" chrStart: 62652416
data/test_reference/chr22_with_ERCC92.fa : chr # 47  "ERCC-00083" chrStart: 62914560
data/test_reference/chr22_with_ERCC92.fa : chr # 48  "ERCC-00084" chrStart: 63176704
data/test_reference/chr22_with_ERCC92.fa : chr # 49  "ERCC-00085" chrStart: 63438848
data/test_reference/chr22_with_ERCC92.fa : chr # 50  "ERCC-00086" chrStart: 63700992
data/test_reference/chr22_with_ERCC92.fa : chr # 51  "ERCC-00092" chrStart: 63963136
data/test_reference/chr22_with_ERCC92.fa : chr # 52  "ERCC-00095" chrStart: 64225280
data/test_reference/chr22_with_ERCC92.fa : chr # 53  "ERCC-00096" chrStart: 64487424
data/test_reference/chr22_with_ERCC92.fa : chr # 54  "ERCC-00097" chrStart: 64749568
data/test_reference/chr22_with_ERCC92.fa : chr # 55  "ERCC-00098" chrStart: 65011712
data/test_reference/chr22_with_ERCC92.fa : chr # 56  "ERCC-00099" chrStart: 65273856
data/test_reference/chr22_with_ERCC92.fa : chr # 57  "ERCC-00104" chrStart: 65536000
data/test_reference/chr22_with_ERCC92.fa : chr # 58  "ERCC-00108" chrStart: 65798144
data/test_reference/chr22_with_ERCC92.fa : chr # 59  "ERCC-00109" chrStart: 66060288
data/test_reference/chr22_with_ERCC92.fa : chr # 60  "ERCC-00111" chrStart: 66322432
data/test_reference/chr22_with_ERCC92.fa : chr # 61  "ERCC-00112" chrStart: 66584576
data/test_reference/chr22_with_ERCC92.fa : chr # 62  "ERCC-00113" chrStart: 66846720
data/test_reference/chr22_with_ERCC92.fa : chr # 63  "ERCC-00116" chrStart: 67108864
data/test_reference/chr22_with_ERCC92.fa : chr # 64  "ERCC-00117" chrStart: 67371008
data/test_reference/chr22_with_ERCC92.fa : chr # 65  "ERCC-00120" chrStart: 67633152
data/test_reference/chr22_with_ERCC92.fa : chr # 66  "ERCC-00123" chrStart: 67895296
data/test_reference/chr22_with_ERCC92.fa : chr # 67  "ERCC-00126" chrStart: 68157440
data/test_reference/chr22_with_ERCC92.fa : chr # 68  "ERCC-00130" chrStart: 68419584
data/test_reference/chr22_with_ERCC92.fa : chr # 69  "ERCC-00131" chrStart: 68681728
data/test_reference/chr22_with_ERCC92.fa : chr # 70  "ERCC-00134" chrStart: 68943872
data/test_reference/chr22_with_ERCC92.fa : chr # 71  "ERCC-00136" chrStart: 69206016
data/test_reference/chr22_with_ERCC92.fa : chr # 72  "ERCC-00137" chrStart: 69468160
data/test_reference/chr22_with_ERCC92.fa : chr # 73  "ERCC-00138" chrStart: 69730304
data/test_reference/chr22_with_ERCC92.fa : chr # 74  "ERCC-00142" chrStart: 69992448
data/test_reference/chr22_with_ERCC92.fa : chr # 75  "ERCC-00143" chrStart: 70254592
data/test_reference/chr22_with_ERCC92.fa : chr # 76  "ERCC-00144" chrStart: 70516736
data/test_reference/chr22_with_ERCC92.fa : chr # 77  "ERCC-00145" chrStart: 70778880
data/test_reference/chr22_with_ERCC92.fa : chr # 78  "ERCC-00147" chrStart: 71041024
data/test_reference/chr22_with_ERCC92.fa : chr # 79  "ERCC-00148" chrStart: 71303168
data/test_reference/chr22_with_ERCC92.fa : chr # 80  "ERCC-00150" chrStart: 71565312
data/test_reference/chr22_with_ERCC92.fa : chr # 81  "ERCC-00154" chrStart: 71827456
data/test_reference/chr22_with_ERCC92.fa : chr # 82  "ERCC-00156" chrStart: 72089600
data/test_reference/chr22_with_ERCC92.fa : chr # 83  "ERCC-00157" chrStart: 72351744
data/test_reference/chr22_with_ERCC92.fa : chr # 84  "ERCC-00158" chrStart: 72613888
data/test_reference/chr22_with_ERCC92.fa : chr # 85  "ERCC-00160" chrStart: 72876032
data/test_reference/chr22_with_ERCC92.fa : chr # 86  "ERCC-00162" chrStart: 73138176
data/test_reference/chr22_with_ERCC92.fa : chr # 87  "ERCC-00163" chrStart: 73400320
data/test_reference/chr22_with_ERCC92.fa : chr # 88  "ERCC-00164" chrStart: 73662464
data/test_reference/chr22_with_ERCC92.fa : chr # 89  "ERCC-00165" chrStart: 73924608
data/test_reference/chr22_with_ERCC92.fa : chr # 90  "ERCC-00168" chrStart: 74186752
data/test_reference/chr22_with_ERCC92.fa : chr # 91  "ERCC-00170" chrStart: 74448896
data/test_reference/chr22_with_ERCC92.fa : chr # 92  "ERCC-00171" chrStart: 74711040
WARNING: --genomeSAindexNbases 14 is too large for the genome size=74973184, which may cause seg-fault at the mapping step. Re-run genome generation with recommended --genomeSAindexNbases 12 : May 10 21:11:47
Estimated genome size=273973184   74973184   199000000
GstrandBit=32
Number of SA indices: 78485064
May 10 21:11:47 ... starting to sort Suffix Array. This may take a long time...
Number of chunks: 1;   chunks size limit: 18510020176 bytes
May 10 21:11:48 ... sorting Suffix Array chunks and saving them to disk...
Writing 627880512 bytes into data/test_reference/star_index//SA_0 ; empty space on disk = 322124316672 bytes ... done
May 10 21:12:17 ... loading chunks from disk, packing SA...
May 10 21:12:18 ... finished generating suffix array
May 10 21:12:18 ... generating Suffix Array index
May 10 21:12:28 ... completed Suffix Array index
May 10 21:12:28 ..... processing annotations GTF
Processing pGe.sjdbGTFfile=data/test_reference/chr22_with_ERCC92.gtf, found:
		4564 transcripts
		26155 exons (non-collapsed)
		7640 collapsed junctions
May 10 21:12:28 ..... finished GTF processing
May 10 21:12:28   Loaded database junctions from the GTF file: data/test_reference/chr22_with_ERCC92.gtf: 7640 total junctions

May 10 21:12:28   Finished preparing junctions
May 10 21:12:28 ..... inserting junctions into the genome indices
May 10 21:12:32   Finished SA search: number of new junctions=7636, old junctions=0
May 10 21:12:32   Finished sorting SA indicesL nInd=3023856
Genome size with junctions=76492748  74973184   1519564
GstrandBit1=32   GstrandBit=32
May 10 21:12:33   Finished inserting junction indices
May 10 21:12:39   Finished SAi
May 10 21:12:39 ..... finished inserting junctions into genome
May 10 21:12:39 ... writing Genome to disk ...
Writing 76492748 bytes into data/test_reference/star_index//Genome ; empty space on disk = 322122457088 bytes ... done
SA size in bytes: 336224298
May 10 21:12:39 ... writing Suffix Array to disk ...
Writing 336224298 bytes into data/test_reference/star_index//SA ; empty space on disk = 322045964288 bytes ... done
May 10 21:12:39 ... writing SAindex to disk
Writing 8 bytes into data/test_reference/star_index//SAindex ; empty space on disk = 321709735936 bytes ... done
Writing 120 bytes into data/test_reference/star_index//SAindex ; empty space on disk = 321709735936 bytes ... done
Writing 1565873491 bytes into data/test_reference/star_index//SAindex ; empty space on disk = 321709735936 bytes ... done
May 10 21:12:40 ..... finished successfully
DONE: Genome generation, EXITING
